<?xml version="1.0" encoding="UTF-8"?>
<!-- Generated by org.testng.reporters.JUnitXMLReporter -->
<testsuite ignored="1" hostname="DESKTOP-SBR93UC" failures="1" tests="1" name="Test2ABC" time="13.686" errors="0" timestamp="01 Jun 2023 04:19:18 GMT">
  <testcase classname="testcasessuite.Testcase1" name="testcase2" time="13.223">
    <failure type="java.lang.AssertionError" message="expected [true] but found [false]">
      <![CDATA[java.lang.AssertionError: expected [true] but found [false]
at pages.frame.framesNew1(frame.java:118)
at testcasessuite.Testcase1.testcase2(Testcase1.java:33)
... Removed 27 stack frames]]>
    </failure>
  </testcase> <!-- testcase2 -->
  <testcase classname="testcasessuite.Testcase1" name="testcase1" time="0.0">
    <ignored/>
  </testcase> <!-- testcase1 -->
</testsuite> <!-- Test2ABC -->
